TOKEN: T_PROG	    LEXEME: program
N_PROG -> N_PROGLBL T_IDENT T_SCOLON N_BLOCK T_DOT
N_PROGLBL -> T_PROG
TOKEN: T_IDENT	    LEXEME: DiddleDeDum
TOKEN: T_SCOLON	    LEXEME: ;
TOKEN: T_VAR	    LEXEME: var
N_BLOCK -> N_VARDECPART N_PROCDECPART N_STMTPART
N_VARDECPART -> T_VAR N_VARDEC T_SCOLON N_VARDECLST
TOKEN: T_IDENT	    LEXEME: stuff
N_VARDEC -> N_IDENT N_IDENTLST T_COLON N_TYPE
N_IDENT -> T_IDENT
TOKEN: T_COLON	    LEXEME: :
N_IDENTLST -> epsilon
TOKEN: T_ARRAY	    LEXEME: array
N_TYPE -> N_ARRAY
N_ARRAY -> T_ARRAY T_LBRACK N_IDXRANGE T_RBRACK T_OF N_SIMPLE
TOKEN: T_LBRACK	    LEXEME: [
TOKEN: T_INTCONST	    LEXEME: 1
N_IDXRANGE -> N_IDX T_DOTDOT N_IDX
N_IDX -> T_INTCONST
TOKEN: T_DOTDOT	    LEXEME: ..
TOKEN: T_INTCONST	    LEXEME: 20
N_IDX -> T_INTCONST
TOKEN: T_RBRACK	    LEXEME: ]
TOKEN: T_OF	    LEXEME: of
TOKEN: T_INT	    LEXEME: integer
N_SIMPLE -> T_INT
TOKEN: T_SCOLON	    LEXEME: ;
TOKEN: T_IDENT	    LEXEME: data
N_VARDECLST -> N_VARDEC T_SCOLON N_VARDECLST
N_VARDEC -> N_IDENT N_IDENTLST T_COLON N_TYPE
N_IDENT -> T_IDENT
TOKEN: T_COMMA	    LEXEME: ,
N_IDENTLST -> T_COMMA N_IDENT N_IDENTLST
TOKEN: T_IDENT	    LEXEME: max
N_IDENT -> T_IDENT
TOKEN: T_COLON	    LEXEME: :
N_IDENTLST -> epsilon
TOKEN: T_INT	    LEXEME: integer
N_TYPE -> N_SIMPLE
N_SIMPLE -> T_INT
TOKEN: T_SCOLON	    LEXEME: ;
TOKEN: T_IDENT	    LEXEME: i
N_VARDECLST -> N_VARDEC T_SCOLON N_VARDECLST
N_VARDEC -> N_IDENT N_IDENTLST T_COLON N_TYPE
N_IDENT -> T_IDENT
TOKEN: T_COMMA	    LEXEME: ,
N_IDENTLST -> T_COMMA N_IDENT N_IDENTLST
TOKEN: T_IDENT	    LEXEME: loc
N_IDENT -> T_IDENT
TOKEN: T_COLON	    LEXEME: :
N_IDENTLST -> epsilon
TOKEN: T_INT	    LEXEME: integer
N_TYPE -> N_SIMPLE
N_SIMPLE -> T_INT
TOKEN: T_PROC	    LEXEME: procedure
Line 10: syntax error
