
Instruction list before optimization is:
(0) x = 1  
(1) t1 = x * 4
(2) t2 = 2 * 1
(3) t3 = A[t2]
(4) t4 = t3 * 1
(5) t5 = t1 + t4
(6) t6 = x * 1
(7) t7 = A[t6]
(8) B[t5] = t7
(9) t8 = x * 1
(10) A[t8] = x

Block leaders are as follows:
(0)


Blocks are as follows:
B0: (0) - (10)

Executing constantFolding for (0) - (10)
Executing algebraicSimplification for (0) - (10)
Executing commonSubexprElimination for (0) - (10)
(0) x = 1  
(1) t1 = 4  
(2) t2 = 2  
(3) t3 = A[t2]
(4) t4 = t3  
(5) t5 = t1 + t4
(6) t6 = 1  
(7) t7 = A[t6]
(8) B[t5] = t7
(9) t8 = 1  
(10) A[t8] = 1
Executing constantFolding for (0) - (10)
Executing algebraicSimplification for (0) - (10)
Executing commonSubexprElimination for (0) - (10)
(0) x = 1  
(1) t1 = 4  
(2) t2 = 2  
(3) t3 = A[2]
(4) t4 = t3  
(5) t5 = 4 + t4
(6) t6 = 1  
(7) t7 = A[1]
(8) B[t5] = t7
(9) t8 = 1  
(10) A[1] = 1
Executing constantFolding for (0) - (10)
Executing algebraicSimplification for (0) - (10)
Executing commonSubexprElimination for (0) - (10)
(0) x = 1  
(1) t1 = 4  
(2) t2 = 2  
(3) t3 = A[2]
(4) t4 = t3  
(5) t5 = 4 + t4
(6) t6 = 1  
(7) t7 = A[1]
(8) B[t5] = t7
(9) t8 = 1  
(10) A[1] = 1

Eliminating temp vars that have constant value
(1) can be deleted
(2) can be deleted
(6) can be deleted
(9) can be deleted
(0) x = 1  
(1) t3 = A[2]
(2) t4 = t3  
(3) t5 = 4 + t4
(4) t7 = A[1]
(5) B[t5] = t7
(6) A[1] = 1
