TOKEN: T_PROG	    LEXEME: program
N_PROG -> N_PROGLBL T_IDENT T_SCOLON N_BLOCK T_DOT
N_PROGLBL -> T_PROG
TOKEN: T_IDENT	    LEXEME: DiddleDeDum
TOKEN: T_SCOLON	    LEXEME: ;
TOKEN: T_BEGIN	    LEXEME: begin
N_BLOCK -> N_VARDECPART N_PROCDECPART N_STMTPART
N_VARDECPART -> epsilon
N_PROCDECPART -> epsilon
N_STMTPART -> N_COMPOUND
N_COMPOUND -> T_BEGIN N_STMT N_STMTLST T_END
TOKEN: T_IDENT	    LEXEME: x
N_STMT -> N_ASSIGN
N_ASSIGN -> N_VARIABLE T_ASSIGN N_EXPR
N_VARIABLE -> T_IDENT N_IDXVAR
TOKEN: T_ASSIGN	    LEXEME: :=
N_IDXVAR -> epsilon
TOKEN: T_INTCONST	    LEXEME: 1234
N_EXPR -> N_SIMPLEEXPR N_OPEXPR
N_SIMPLEEXPR -> N_TERM N_ADDOPLST
N_TERM -> N_FACTOR N_MULTOPLST
N_FACTOR -> N_CONST
N_CONST -> T_INTCONST
TOKEN: T_SCOLON	    LEXEME: ;
N_MULTOPLST -> epsilon
N_ADDOPLST -> epsilon
N_OPEXPR -> epsilon
N_STMTLST -> T_SCOLON N_STMT N_STMTLST
TOKEN: T_WRITE	    LEXEME: write
N_STMT -> N_WRITE
N_WRITE -> T_WRITE T_LPAREN N_OUTPUT N_OUTPUTLST T_RPAREN
TOKEN: T_LPAREN	    LEXEME: (
TOKEN: T_CHARCONST	    LEXEME: 'd'
N_OUTPUT -> N_EXPR
N_EXPR -> N_SIMPLEEXPR N_OPEXPR
N_SIMPLEEXPR -> N_TERM N_ADDOPLST
N_TERM -> N_FACTOR N_MULTOPLST
N_FACTOR -> N_CONST
N_CONST -> T_CHARCONST
TOKEN: T_COMMA	    LEXEME: ,
N_MULTOPLST -> epsilon
N_ADDOPLST -> epsilon
N_OPEXPR -> epsilon
N_OUTPUTLST -> T_COMMA N_OUTPUT N_OUTPUTLST
TOKEN: T_CHARCONST	    LEXEME: 'o'
N_OUTPUT -> N_EXPR
N_EXPR -> N_SIMPLEEXPR N_OPEXPR
N_SIMPLEEXPR -> N_TERM N_ADDOPLST
N_TERM -> N_FACTOR N_MULTOPLST
N_FACTOR -> N_CONST
N_CONST -> T_CHARCONST
TOKEN: T_COMMA	    LEXEME: ,
N_MULTOPLST -> epsilon
N_ADDOPLST -> epsilon
N_OPEXPR -> epsilon
N_OUTPUTLST -> T_COMMA N_OUTPUT N_OUTPUTLST
**** Invalid character constant: '
