TOKEN: T_PROG	    LEXEME: program
N_PROG -> N_PROGLBL T_IDENT T_SCOLON N_BLOCK T_DOT
N_PROGLBL -> T_PROG
TOKEN: T_IDENT	    LEXEME: DiddleDeDum
TOKEN: T_SCOLON	    LEXEME: ;
TOKEN: T_VAR	    LEXEME: var
N_BLOCK -> N_VARDECPART N_PROCDECPART N_STMTPART
N_VARDECPART -> T_VAR N_VARDEC T_SCOLON N_VARDECLST
TOKEN: T_IDENT	    LEXEME: stuff
N_VARDEC -> N_IDENT N_IDENTLST T_COLON N_TYPE
N_IDENT -> T_IDENT
TOKEN: T_COLON	    LEXEME: :
N_IDENTLST -> epsilon
TOKEN: T_ARRAY	    LEXEME: array
N_TYPE -> N_ARRAY
N_ARRAY -> T_ARRAY T_LBRACK N_IDXRANGE T_RBRACK T_OF N_SIMPLE
TOKEN: T_LBRACK	    LEXEME: [
TOKEN: T_INTCONST	    LEXEME: 1
N_IDXRANGE -> N_IDX T_DOTDOT N_IDX
N_IDX -> T_INTCONST
TOKEN: T_DOTDOT	    LEXEME: ..
TOKEN: T_INTCONST	    LEXEME: 20
N_IDX -> T_INTCONST
TOKEN: T_RBRACK	    LEXEME: ]
TOKEN: T_OF	    LEXEME: of
TOKEN: T_INT	    LEXEME: integer
N_SIMPLE -> T_INT
TOKEN: T_SCOLON	    LEXEME: ;
TOKEN: T_IDENT	    LEXEME: data
N_VARDECLST -> N_VARDEC T_SCOLON N_VARDECLST
N_VARDEC -> N_IDENT N_IDENTLST T_COLON N_TYPE
N_IDENT -> T_IDENT
TOKEN: T_COMMA	    LEXEME: ,
N_IDENTLST -> T_COMMA N_IDENT N_IDENTLST
TOKEN: T_IDENT	    LEXEME: max
N_IDENT -> T_IDENT
TOKEN: T_COLON	    LEXEME: :
N_IDENTLST -> epsilon
TOKEN: T_INT	    LEXEME: integer
N_TYPE -> N_SIMPLE
N_SIMPLE -> T_INT
TOKEN: T_SCOLON	    LEXEME: ;
TOKEN: T_IDENT	    LEXEME: i
N_VARDECLST -> N_VARDEC T_SCOLON N_VARDECLST
N_VARDEC -> N_IDENT N_IDENTLST T_COLON N_TYPE
N_IDENT -> T_IDENT
TOKEN: T_COMMA	    LEXEME: ,
N_IDENTLST -> T_COMMA N_IDENT N_IDENTLST
TOKEN: T_IDENT	    LEXEME: loc
N_IDENT -> T_IDENT
TOKEN: T_COLON	    LEXEME: :
N_IDENTLST -> epsilon
TOKEN: T_INT	    LEXEME: integer
N_TYPE -> N_SIMPLE
N_SIMPLE -> T_INT
TOKEN: T_SCOLON	    LEXEME: ;
TOKEN: T_PROC	    LEXEME: procedure
N_VARDECLST -> epsilon
N_PROCDECPART -> N_PROCDEC T_SCOLON N_PROCDECPART
N_PROCDEC -> N_PROCHDR N_BLOCK
N_PROCHDR -> T_PROC T_IDENT T_SCOLON
TOKEN: T_IDENT	    LEXEME: sort
TOKEN: T_SCOLON	    LEXEME: ;
TOKEN: T_VAR	    LEXEME: var
N_BLOCK -> N_VARDECPART N_PROCDECPART N_STMTPART
N_VARDECPART -> T_VAR N_VARDEC T_SCOLON N_VARDECLST
TOKEN: T_IDENT	    LEXEME: i
N_VARDEC -> N_IDENT N_IDENTLST T_COLON N_TYPE
N_IDENT -> T_IDENT
TOKEN: T_COMMA	    LEXEME: ,
N_IDENTLST -> T_COMMA N_IDENT N_IDENTLST
TOKEN: T_IDENT	    LEXEME: n
N_IDENT -> T_IDENT
TOKEN: T_COLON	    LEXEME: :
N_IDENTLST -> epsilon
TOKEN: T_INT	    LEXEME: integer
N_TYPE -> N_SIMPLE
N_SIMPLE -> T_INT
TOKEN: T_SCOLON	    LEXEME: ;
TOKEN: T_IDENT	    LEXEME: flag
N_VARDECLST -> N_VARDEC T_SCOLON N_VARDECLST
N_VARDEC -> N_IDENT N_IDENTLST T_COLON N_TYPE
N_IDENT -> T_IDENT
TOKEN: T_COLON	    LEXEME: :
N_IDENTLST -> epsilon
TOKEN: T_BOOL	    LEXEME: boolean
N_TYPE -> N_SIMPLE
N_SIMPLE -> T_BOOL
TOKEN: T_SCOLON	    LEXEME: ;
TOKEN: T_PROC	    LEXEME: procedure
N_VARDECLST -> epsilon
N_PROCDECPART -> N_PROCDEC T_SCOLON N_PROCDECPART
N_PROCDEC -> N_PROCHDR N_BLOCK
N_PROCHDR -> T_PROC T_IDENT T_SCOLON
TOKEN: T_IDENT	    LEXEME: swap
TOKEN: T_SCOLON	    LEXEME: ;
TOKEN: T_VAR	    LEXEME: var
N_BLOCK -> N_VARDECPART N_PROCDECPART N_STMTPART
N_VARDECPART -> T_VAR N_VARDEC T_SCOLON N_VARDECLST
TOKEN: T_IDENT	    LEXEME: n
N_VARDEC -> N_IDENT N_IDENTLST T_COLON N_TYPE
N_IDENT -> T_IDENT
TOKEN: T_COLON	    LEXEME: :
N_IDENTLST -> epsilon
TOKEN: T_INT	    LEXEME: integer
N_TYPE -> N_SIMPLE
N_SIMPLE -> T_INT
TOKEN: T_SCOLON	    LEXEME: ;
TOKEN: T_BEGIN	    LEXEME: begin
N_VARDECLST -> epsilon
N_PROCDECPART -> epsilon
N_STMTPART -> N_COMPOUND
N_COMPOUND -> T_BEGIN N_STMT N_STMTLST T_END
TOKEN: T_IDENT	    LEXEME: n
N_STMT -> N_ASSIGN
N_ASSIGN -> N_VARIABLE T_ASSIGN N_EXPR
N_VARIABLE -> T_IDENT N_IDXVAR
TOKEN: T_ASSIGN	    LEXEME: :=
N_IDXVAR -> epsilon
TOKEN: T_IDENT	    LEXEME: stuff
N_EXPR -> N_SIMPLEEXPR N_OPEXPR
N_SIMPLEEXPR -> N_TERM N_ADDOPLST
N_TERM -> N_FACTOR N_MULTOPLST
N_FACTOR -> N_SIGN N_VARIABLE
N_SIGN -> epsilon
N_VARIABLE -> T_IDENT N_IDXVAR
TOKEN: T_LBRACK	    LEXEME: [
N_IDXVAR -> T_LBRACK N_EXPR T_RBRACK
TOKEN: T_IDENT	    LEXEME: i
N_EXPR -> N_SIMPLEEXPR N_OPEXPR
N_SIMPLEEXPR -> N_TERM N_ADDOPLST
N_TERM -> N_FACTOR N_MULTOPLST
N_FACTOR -> N_SIGN N_VARIABLE
N_SIGN -> epsilon
N_VARIABLE -> T_IDENT N_IDXVAR
TOKEN: T_RBRACK	    LEXEME: ]
N_IDXVAR -> epsilon
N_MULTOPLST -> epsilon
N_ADDOPLST -> epsilon
N_OPEXPR -> epsilon
TOKEN: T_SCOLON	    LEXEME: ;
N_MULTOPLST -> epsilon
N_ADDOPLST -> epsilon
N_OPEXPR -> epsilon
N_STMTLST -> T_SCOLON N_STMT N_STMTLST
TOKEN: T_IDENT	    LEXEME: stuff
N_STMT -> N_ASSIGN
N_ASSIGN -> N_VARIABLE T_ASSIGN N_EXPR
N_VARIABLE -> T_IDENT N_IDXVAR
TOKEN: T_LBRACK	    LEXEME: [
N_IDXVAR -> T_LBRACK N_EXPR T_RBRACK
TOKEN: T_IDENT	    LEXEME: i
N_EXPR -> N_SIMPLEEXPR N_OPEXPR
N_SIMPLEEXPR -> N_TERM N_ADDOPLST
N_TERM -> N_FACTOR N_MULTOPLST
N_FACTOR -> N_SIGN N_VARIABLE
N_SIGN -> epsilon
N_VARIABLE -> T_IDENT N_IDXVAR
TOKEN: T_RBRACK	    LEXEME: ]
N_IDXVAR -> epsilon
N_MULTOPLST -> epsilon
N_ADDOPLST -> epsilon
N_OPEXPR -> epsilon
TOKEN: T_ASSIGN	    LEXEME: :=
TOKEN: T_IDENT	    LEXEME: stuff
N_EXPR -> N_SIMPLEEXPR N_OPEXPR
N_SIMPLEEXPR -> N_TERM N_ADDOPLST
N_TERM -> N_FACTOR N_MULTOPLST
N_FACTOR -> N_SIGN N_VARIABLE
N_SIGN -> epsilon
N_VARIABLE -> T_IDENT N_IDXVAR
TOKEN: T_LBRACK	    LEXEME: [
N_IDXVAR -> T_LBRACK N_EXPR T_RBRACK
TOKEN: T_IDENT	    LEXEME: i
N_EXPR -> N_SIMPLEEXPR N_OPEXPR
N_SIMPLEEXPR -> N_TERM N_ADDOPLST
N_TERM -> N_FACTOR N_MULTOPLST
N_FACTOR -> N_SIGN N_VARIABLE
N_SIGN -> epsilon
N_VARIABLE -> T_IDENT N_IDXVAR
TOKEN: T_PLUS	    LEXEME: +
N_IDXVAR -> epsilon
N_MULTOPLST -> epsilon
N_ADDOPLST -> N_ADDOP N_TERM N_ADDOPLST
N_ADDOP -> T_PLUS
TOKEN: T_INTCONST	    LEXEME: 1
N_TERM -> N_FACTOR N_MULTOPLST
N_FACTOR -> N_CONST
N_CONST -> T_INTCONST
TOKEN: T_RBRACK	    LEXEME: ]
N_MULTOPLST -> epsilon
N_ADDOPLST -> epsilon
N_OPEXPR -> epsilon
TOKEN: T_SCOLON	    LEXEME: ;
N_MULTOPLST -> epsilon
N_ADDOPLST -> epsilon
N_OPEXPR -> epsilon
N_STMTLST -> T_SCOLON N_STMT N_STMTLST
TOKEN: T_IDENT	    LEXEME: stuff
N_STMT -> N_ASSIGN
N_ASSIGN -> N_VARIABLE T_ASSIGN N_EXPR
N_VARIABLE -> T_IDENT N_IDXVAR
TOKEN: T_LBRACK	    LEXEME: [
N_IDXVAR -> T_LBRACK N_EXPR T_RBRACK
TOKEN: T_IDENT	    LEXEME: i
N_EXPR -> N_SIMPLEEXPR N_OPEXPR
N_SIMPLEEXPR -> N_TERM N_ADDOPLST
N_TERM -> N_FACTOR N_MULTOPLST
N_FACTOR -> N_SIGN N_VARIABLE
N_SIGN -> epsilon
N_VARIABLE -> T_IDENT N_IDXVAR
TOKEN: T_PLUS	    LEXEME: +
N_IDXVAR -> epsilon
N_MULTOPLST -> epsilon
N_ADDOPLST -> N_ADDOP N_TERM N_ADDOPLST
N_ADDOP -> T_PLUS
TOKEN: T_INTCONST	    LEXEME: 1
N_TERM -> N_FACTOR N_MULTOPLST
N_FACTOR -> N_CONST
N_CONST -> T_INTCONST
TOKEN: T_RBRACK	    LEXEME: ]
N_MULTOPLST -> epsilon
N_ADDOPLST -> epsilon
N_OPEXPR -> epsilon
TOKEN: T_ASSIGN	    LEXEME: :=
TOKEN: T_IDENT	    LEXEME: n
N_EXPR -> N_SIMPLEEXPR N_OPEXPR
N_SIMPLEEXPR -> N_TERM N_ADDOPLST
N_TERM -> N_FACTOR N_MULTOPLST
N_FACTOR -> N_SIGN N_VARIABLE
N_SIGN -> epsilon
N_VARIABLE -> T_IDENT N_IDXVAR
TOKEN: T_SCOLON	    LEXEME: ;
N_IDXVAR -> epsilon
N_MULTOPLST -> epsilon
N_ADDOPLST -> epsilon
N_OPEXPR -> epsilon
N_STMTLST -> T_SCOLON N_STMT N_STMTLST
TOKEN: T_IDENT	    LEXEME: flag
N_STMT -> N_ASSIGN
N_ASSIGN -> N_VARIABLE T_ASSIGN N_EXPR
N_VARIABLE -> T_IDENT N_IDXVAR
TOKEN: T_ASSIGN	    LEXEME: :=
N_IDXVAR -> epsilon
TOKEN: T_TRUE	    LEXEME: true
N_EXPR -> N_SIMPLEEXPR N_OPEXPR
N_SIMPLEEXPR -> N_TERM N_ADDOPLST
N_TERM -> N_FACTOR N_MULTOPLST
N_FACTOR -> N_CONST
N_CONST -> N_BOOLCONST
N_BOOLCONST -> T_TRUE
TOKEN: T_END	    LEXEME: end
N_MULTOPLST -> epsilon
N_ADDOPLST -> epsilon
N_OPEXPR -> epsilon
N_STMTLST -> epsilon
TOKEN: T_SCOLON	    LEXEME: ;
TOKEN: T_BEGIN	    LEXEME: begin
N_PROCDECPART -> epsilon
N_STMTPART -> N_COMPOUND
N_COMPOUND -> T_BEGIN N_STMT N_STMTLST T_END
TOKEN: T_IDENT	    LEXEME: flag
N_STMT -> N_ASSIGN
N_ASSIGN -> N_VARIABLE T_ASSIGN N_EXPR
N_VARIABLE -> T_IDENT N_IDXVAR
TOKEN: T_ASSIGN	    LEXEME: :=
N_IDXVAR -> epsilon
TOKEN: T_TRUE	    LEXEME: true
N_EXPR -> N_SIMPLEEXPR N_OPEXPR
N_SIMPLEEXPR -> N_TERM N_ADDOPLST
N_TERM -> N_FACTOR N_MULTOPLST
N_FACTOR -> N_CONST
N_CONST -> N_BOOLCONST
N_BOOLCONST -> T_TRUE
TOKEN: T_SCOLON	    LEXEME: ;
N_MULTOPLST -> epsilon
N_ADDOPLST -> epsilon
N_OPEXPR -> epsilon
N_STMTLST -> T_SCOLON N_STMT N_STMTLST
TOKEN: T_IDENT	    LEXEME: n
N_STMT -> N_ASSIGN
N_ASSIGN -> N_VARIABLE T_ASSIGN N_EXPR
N_VARIABLE -> T_IDENT N_IDXVAR
TOKEN: T_ASSIGN	    LEXEME: :=
N_IDXVAR -> epsilon
TOKEN: T_IDENT	    LEXEME: max
N_EXPR -> N_SIMPLEEXPR N_OPEXPR
N_SIMPLEEXPR -> N_TERM N_ADDOPLST
N_TERM -> N_FACTOR N_MULTOPLST
N_FACTOR -> N_SIGN N_VARIABLE
N_SIGN -> epsilon
N_VARIABLE -> T_IDENT N_IDXVAR
TOKEN: T_SCOLON	    LEXEME: ;
N_IDXVAR -> epsilon
N_MULTOPLST -> epsilon
N_ADDOPLST -> epsilon
N_OPEXPR -> epsilon
N_STMTLST -> T_SCOLON N_STMT N_STMTLST
TOKEN: T_WHILE	    LEXEME: while
N_STMT -> N_WHILE
N_WHILE -> T_WHILE N_EXPR T_DO N_STMT
TOKEN: T_LPAREN	    LEXEME: (
N_EXPR -> N_SIMPLEEXPR N_OPEXPR
N_SIMPLEEXPR -> N_TERM N_ADDOPLST
N_TERM -> N_FACTOR N_MULTOPLST
N_FACTOR -> T_LPAREN N_EXPR T_RPAREN
TOKEN: T_IDENT	    LEXEME: n
N_EXPR -> N_SIMPLEEXPR N_OPEXPR
N_SIMPLEEXPR -> N_TERM N_ADDOPLST
N_TERM -> N_FACTOR N_MULTOPLST
N_FACTOR -> N_SIGN N_VARIABLE
N_SIGN -> epsilon
N_VARIABLE -> T_IDENT N_IDXVAR
TOKEN: T_GT	    LEXEME: >
N_IDXVAR -> epsilon
N_MULTOPLST -> epsilon
N_ADDOPLST -> epsilon
N_OPEXPR -> N_RELOP N_SIMPLEEXPR
N_RELOP -> T_GT
TOKEN: T_INTCONST	    LEXEME: 1
N_SIMPLEEXPR -> N_TERM N_ADDOPLST
N_TERM -> N_FACTOR N_MULTOPLST
N_FACTOR -> N_CONST
N_CONST -> T_INTCONST
TOKEN: T_RPAREN	    LEXEME: )
N_MULTOPLST -> epsilon
N_ADDOPLST -> epsilon
TOKEN: T_AND	    LEXEME: and
N_MULTOPLST -> N_MULTOP N_FACTOR N_MULTOPLST
N_MULTOP -> T_AND
TOKEN: T_IDENT	    LEXEME: flag
N_FACTOR -> N_SIGN N_VARIABLE
N_SIGN -> epsilon
N_VARIABLE -> T_IDENT N_IDXVAR
TOKEN: T_DO	    LEXEME: do
N_IDXVAR -> epsilon
N_MULTOPLST -> epsilon
N_ADDOPLST -> epsilon
N_OPEXPR -> epsilon
TOKEN: T_BEGIN	    LEXEME: begin
N_STMT -> N_COMPOUND
N_COMPOUND -> T_BEGIN N_STMT N_STMTLST T_END
TOKEN: T_IDENT	    LEXEME: flag
N_STMT -> N_ASSIGN
N_ASSIGN -> N_VARIABLE T_ASSIGN N_EXPR
N_VARIABLE -> T_IDENT N_IDXVAR
TOKEN: T_ASSIGN	    LEXEME: :=
N_IDXVAR -> epsilon
TOKEN: T_FALSE	    LEXEME: false
N_EXPR -> N_SIMPLEEXPR N_OPEXPR
N_SIMPLEEXPR -> N_TERM N_ADDOPLST
N_TERM -> N_FACTOR N_MULTOPLST
N_FACTOR -> N_CONST
N_CONST -> N_BOOLCONST
N_BOOLCONST -> T_FALSE
TOKEN: T_SCOLON	    LEXEME: ;
N_MULTOPLST -> epsilon
N_ADDOPLST -> epsilon
N_OPEXPR -> epsilon
N_STMTLST -> T_SCOLON N_STMT N_STMTLST
TOKEN: T_IDENT	    LEXEME: i
N_STMT -> N_ASSIGN
N_ASSIGN -> N_VARIABLE T_ASSIGN N_EXPR
N_VARIABLE -> T_IDENT N_IDXVAR
TOKEN: T_ASSIGN	    LEXEME: :=
N_IDXVAR -> epsilon
TOKEN: T_INTCONST	    LEXEME: 1
N_EXPR -> N_SIMPLEEXPR N_OPEXPR
N_SIMPLEEXPR -> N_TERM N_ADDOPLST
N_TERM -> N_FACTOR N_MULTOPLST
N_FACTOR -> N_CONST
N_CONST -> T_INTCONST
TOKEN: T_SCOLON	    LEXEME: ;
N_MULTOPLST -> epsilon
N_ADDOPLST -> epsilon
N_OPEXPR -> epsilon
N_STMTLST -> T_SCOLON N_STMT N_STMTLST
TOKEN: T_WHILE	    LEXEME: while
N_STMT -> N_WHILE
N_WHILE -> T_WHILE N_EXPR T_DO N_STMT
TOKEN: T_IDENT	    LEXEME: i
N_EXPR -> N_SIMPLEEXPR N_OPEXPR
N_SIMPLEEXPR -> N_TERM N_ADDOPLST
N_TERM -> N_FACTOR N_MULTOPLST
N_FACTOR -> N_SIGN N_VARIABLE
N_SIGN -> epsilon
N_VARIABLE -> T_IDENT N_IDXVAR
TOKEN: T_LT	    LEXEME: <
N_IDXVAR -> epsilon
N_MULTOPLST -> epsilon
N_ADDOPLST -> epsilon
N_OPEXPR -> N_RELOP N_SIMPLEEXPR
N_RELOP -> T_LT
TOKEN: T_IDENT	    LEXEME: n
N_SIMPLEEXPR -> N_TERM N_ADDOPLST
N_TERM -> N_FACTOR N_MULTOPLST
N_FACTOR -> N_SIGN N_VARIABLE
N_SIGN -> epsilon
N_VARIABLE -> T_IDENT N_IDXVAR
TOKEN: T_DO	    LEXEME: do
N_IDXVAR -> epsilon
N_MULTOPLST -> epsilon
N_ADDOPLST -> epsilon
TOKEN: T_BEGIN	    LEXEME: begin
N_STMT -> N_COMPOUND
N_COMPOUND -> T_BEGIN N_STMT N_STMTLST T_END
TOKEN: T_IF	    LEXEME: if
N_STMT -> N_CONDITION
N_CONDITION -> T_IF N_EXPR T_THEN N_STMT N_ELSEPART
TOKEN: T_IDENT	    LEXEME: stuff
N_EXPR -> N_SIMPLEEXPR N_OPEXPR
N_SIMPLEEXPR -> N_TERM N_ADDOPLST
N_TERM -> N_FACTOR N_MULTOPLST
N_FACTOR -> N_SIGN N_VARIABLE
N_SIGN -> epsilon
N_VARIABLE -> T_IDENT N_IDXVAR
TOKEN: T_LBRACK	    LEXEME: [
N_IDXVAR -> T_LBRACK N_EXPR T_RBRACK
TOKEN: T_IDENT	    LEXEME: i
N_EXPR -> N_SIMPLEEXPR N_OPEXPR
N_SIMPLEEXPR -> N_TERM N_ADDOPLST
N_TERM -> N_FACTOR N_MULTOPLST
N_FACTOR -> N_SIGN N_VARIABLE
N_SIGN -> epsilon
N_VARIABLE -> T_IDENT N_IDXVAR
TOKEN: T_RBRACK	    LEXEME: ]
N_IDXVAR -> epsilon
N_MULTOPLST -> epsilon
N_ADDOPLST -> epsilon
N_OPEXPR -> epsilon
TOKEN: T_GT	    LEXEME: >
N_MULTOPLST -> epsilon
N_ADDOPLST -> epsilon
N_OPEXPR -> N_RELOP N_SIMPLEEXPR
N_RELOP -> T_GT
TOKEN: T_IDENT	    LEXEME: stuff
N_SIMPLEEXPR -> N_TERM N_ADDOPLST
N_TERM -> N_FACTOR N_MULTOPLST
N_FACTOR -> N_SIGN N_VARIABLE
N_SIGN -> epsilon
N_VARIABLE -> T_IDENT N_IDXVAR
TOKEN: T_LBRACK	    LEXEME: [
N_IDXVAR -> T_LBRACK N_EXPR T_RBRACK
TOKEN: T_IDENT	    LEXEME: i
N_EXPR -> N_SIMPLEEXPR N_OPEXPR
N_SIMPLEEXPR -> N_TERM N_ADDOPLST
N_TERM -> N_FACTOR N_MULTOPLST
N_FACTOR -> N_SIGN N_VARIABLE
N_SIGN -> epsilon
N_VARIABLE -> T_IDENT N_IDXVAR
TOKEN: T_PLUS	    LEXEME: +
N_IDXVAR -> epsilon
N_MULTOPLST -> epsilon
N_ADDOPLST -> N_ADDOP N_TERM N_ADDOPLST
N_ADDOP -> T_PLUS
TOKEN: T_INTCONST	    LEXEME: 1
N_TERM -> N_FACTOR N_MULTOPLST
N_FACTOR -> N_CONST
N_CONST -> T_INTCONST
TOKEN: T_RBRACK	    LEXEME: ]
N_MULTOPLST -> epsilon
N_ADDOPLST -> epsilon
N_OPEXPR -> epsilon
TOKEN: T_THEN	    LEXEME: then
N_MULTOPLST -> epsilon
N_ADDOPLST -> epsilon
TOKEN: T_IDENT	    LEXEME: i
N_STMT -> N_ASSIGN
N_ASSIGN -> N_VARIABLE T_ASSIGN N_EXPR
N_VARIABLE -> T_IDENT N_IDXVAR
TOKEN: T_ASSIGN	    LEXEME: :=
N_IDXVAR -> epsilon
TOKEN: T_IDENT	    LEXEME: n
N_EXPR -> N_SIMPLEEXPR N_OPEXPR
N_SIMPLEEXPR -> N_TERM N_ADDOPLST
N_TERM -> N_FACTOR N_MULTOPLST
N_FACTOR -> N_SIGN N_VARIABLE
N_SIGN -> epsilon
N_VARIABLE -> T_IDENT N_IDXVAR
TOKEN: T_SCOLON	    LEXEME: ;
N_IDXVAR -> epsilon
N_MULTOPLST -> epsilon
N_ADDOPLST -> epsilon
N_OPEXPR -> epsilon
N_ELSEPART -> epsilon
N_STMTLST -> T_SCOLON N_STMT N_STMTLST
TOKEN: T_IDENT	    LEXEME: i
N_STMT -> N_ASSIGN
N_ASSIGN -> N_VARIABLE T_ASSIGN N_EXPR
N_VARIABLE -> T_IDENT N_IDXVAR
TOKEN: T_ASSIGN	    LEXEME: :=
N_IDXVAR -> epsilon
TOKEN: T_IDENT	    LEXEME: i
N_EXPR -> N_SIMPLEEXPR N_OPEXPR
N_SIMPLEEXPR -> N_TERM N_ADDOPLST
N_TERM -> N_FACTOR N_MULTOPLST
N_FACTOR -> N_SIGN N_VARIABLE
N_SIGN -> epsilon
N_VARIABLE -> T_IDENT N_IDXVAR
TOKEN: T_PLUS	    LEXEME: +
N_IDXVAR -> epsilon
N_MULTOPLST -> epsilon
N_ADDOPLST -> N_ADDOP N_TERM N_ADDOPLST
N_ADDOP -> T_PLUS
TOKEN: T_INTCONST	    LEXEME: 1
N_TERM -> N_FACTOR N_MULTOPLST
N_FACTOR -> N_CONST
N_CONST -> T_INTCONST
TOKEN: T_END	    LEXEME: end
N_MULTOPLST -> epsilon
N_ADDOPLST -> epsilon
N_OPEXPR -> epsilon
N_STMTLST -> epsilon
TOKEN: T_END	    LEXEME: end
N_STMTLST -> epsilon
TOKEN: T_END	    LEXEME: end
N_STMTLST -> epsilon
TOKEN: T_SCOLON	    LEXEME: ;
TOKEN: T_PROC	    LEXEME: procedure
N_PROCDECPART -> N_PROCDEC T_SCOLON N_PROCDECPART
N_PROCDEC -> N_PROCHDR N_BLOCK
N_PROCHDR -> T_PROC T_IDENT T_SCOLON
TOKEN: T_IDENT	    LEXEME: find
TOKEN: T_SCOLON	    LEXEME: ;
TOKEN: T_VAR	    LEXEME: var
N_BLOCK -> N_VARDECPART N_PROCDECPART N_STMTPART
N_VARDECPART -> T_VAR N_VARDEC T_SCOLON N_VARDECLST
TOKEN: T_IDENT	    LEXEME: i
N_VARDEC -> N_IDENT N_IDENTLST T_COLON N_TYPE
N_IDENT -> T_IDENT
TOKEN: T_COMMA	    LEXEME: ,
N_IDENTLST -> T_COMMA N_IDENT N_IDENTLST
TOKEN: T_IDENT	    LEXEME: j
N_IDENT -> T_IDENT
TOKEN: T_COMMA	    LEXEME: ,
N_IDENTLST -> T_COMMA N_IDENT N_IDENTLST
TOKEN: T_IDENT	    LEXEME: k
N_IDENT -> T_IDENT
TOKEN: T_COLON	    LEXEME: :
N_IDENTLST -> epsilon
TOKEN: T_INT	    LEXEME: integer
N_TYPE -> N_SIMPLE
N_SIMPLE -> T_INT
TOKEN: T_SCOLON	    LEXEME: ;
TOKEN: T_IDENT	    LEXEME: found
N_VARDECLST -> N_VARDEC T_SCOLON N_VARDECLST
N_VARDEC -> N_IDENT N_IDENTLST T_COLON N_TYPE
N_IDENT -> T_IDENT
TOKEN: T_COLON	    LEXEME: :
N_IDENTLST -> epsilon
TOKEN: T_BOOL	    LEXEME: boolean
N_TYPE -> N_SIMPLE
N_SIMPLE -> T_BOOL
TOKEN: T_SCOLON	    LEXEME: ;
TOKEN: T_BEGIN	    LEXEME: begin
N_VARDECLST -> epsilon
N_PROCDECPART -> epsilon
N_STMTPART -> N_COMPOUND
N_COMPOUND -> T_BEGIN N_STMT N_STMTLST T_END
TOKEN: T_IDENT	    LEXEME: i
N_STMT -> N_ASSIGN
N_ASSIGN -> N_VARIABLE T_ASSIGN N_EXPR
N_VARIABLE -> T_IDENT N_IDXVAR
TOKEN: T_ASSIGN	    LEXEME: :=
N_IDXVAR -> epsilon
TOKEN: T_INTCONST	    LEXEME: 1
N_EXPR -> N_SIMPLEEXPR N_OPEXPR
N_SIMPLEEXPR -> N_TERM N_ADDOPLST
N_TERM -> N_FACTOR N_MULTOPLST
N_FACTOR -> N_CONST
N_CONST -> T_INTCONST
TOKEN: T_SCOLON	    LEXEME: ;
N_MULTOPLST -> epsilon
N_ADDOPLST -> epsilon
N_OPEXPR -> epsilon
N_STMTLST -> T_SCOLON N_STMT N_STMTLST
TOKEN: T_IDENT	    LEXEME: j
N_STMT -> N_ASSIGN
N_ASSIGN -> N_VARIABLE T_ASSIGN N_EXPR
N_VARIABLE -> T_IDENT N_IDXVAR
TOKEN: T_ASSIGN	    LEXEME: :=
N_IDXVAR -> epsilon
TOKEN: T_IDENT	    LEXEME: max
N_EXPR -> N_SIMPLEEXPR N_OPEXPR
N_SIMPLEEXPR -> N_TERM N_ADDOPLST
N_TERM -> N_FACTOR N_MULTOPLST
N_FACTOR -> N_SIGN N_VARIABLE
N_SIGN -> epsilon
N_VARIABLE -> T_IDENT N_IDXVAR
TOKEN: T_SCOLON	    LEXEME: ;
N_IDXVAR -> epsilon
N_MULTOPLST -> epsilon
N_ADDOPLST -> epsilon
N_OPEXPR -> epsilon
N_STMTLST -> T_SCOLON N_STMT N_STMTLST
TOKEN: T_IDENT	    LEXEME: found
N_STMT -> N_ASSIGN
N_ASSIGN -> N_VARIABLE T_ASSIGN N_EXPR
N_VARIABLE -> T_IDENT N_IDXVAR
TOKEN: T_ASSIGN	    LEXEME: :=
N_IDXVAR -> epsilon
TOKEN: T_FALSE	    LEXEME: false
N_EXPR -> N_SIMPLEEXPR N_OPEXPR
N_SIMPLEEXPR -> N_TERM N_ADDOPLST
N_TERM -> N_FACTOR N_MULTOPLST
N_FACTOR -> N_CONST
N_CONST -> N_BOOLCONST
N_BOOLCONST -> T_FALSE
TOKEN: T_SCOLON	    LEXEME: ;
N_MULTOPLST -> epsilon
N_ADDOPLST -> epsilon
N_OPEXPR -> epsilon
N_STMTLST -> T_SCOLON N_STMT N_STMTLST
TOKEN: T_WHILE	    LEXEME: while
N_STMT -> N_WHILE
N_WHILE -> T_WHILE N_EXPR T_DO N_STMT
TOKEN: T_LPAREN	    LEXEME: (
N_EXPR -> N_SIMPLEEXPR N_OPEXPR
N_SIMPLEEXPR -> N_TERM N_ADDOPLST
N_TERM -> N_FACTOR N_MULTOPLST
N_FACTOR -> T_LPAREN N_EXPR T_RPAREN
TOKEN: T_IDENT	    LEXEME: i
N_EXPR -> N_SIMPLEEXPR N_OPEXPR
N_SIMPLEEXPR -> N_TERM N_ADDOPLST
N_TERM -> N_FACTOR N_MULTOPLST
N_FACTOR -> N_SIGN N_VARIABLE
N_SIGN -> epsilon
N_VARIABLE -> T_IDENT N_IDXVAR
TOKEN: T_LE	    LEXEME: <=
N_IDXVAR -> epsilon
N_MULTOPLST -> epsilon
N_ADDOPLST -> epsilon
N_OPEXPR -> N_RELOP N_SIMPLEEXPR
N_RELOP -> T_LE
TOKEN: T_IDENT	    LEXEME: j
N_SIMPLEEXPR -> N_TERM N_ADDOPLST
N_TERM -> N_FACTOR N_MULTOPLST
N_FACTOR -> N_SIGN N_VARIABLE
N_SIGN -> epsilon
N_VARIABLE -> T_IDENT N_IDXVAR
TOKEN: T_RPAREN	    LEXEME: )
N_IDXVAR -> epsilon
N_MULTOPLST -> epsilon
N_ADDOPLST -> epsilon
TOKEN: T_AND	    LEXEME: and
N_MULTOPLST -> N_MULTOP N_FACTOR N_MULTOPLST
N_MULTOP -> T_AND
TOKEN: T_NOT	    LEXEME: not
N_FACTOR -> T_NOT N_FACTOR
TOKEN: T_IDENT	    LEXEME: found
N_FACTOR -> N_SIGN N_VARIABLE
N_SIGN -> epsilon
N_VARIABLE -> T_IDENT N_IDXVAR
TOKEN: T_DO	    LEXEME: do
N_IDXVAR -> epsilon
N_MULTOPLST -> epsilon
N_ADDOPLST -> epsilon
N_OPEXPR -> epsilon
TOKEN: T_BEGIN	    LEXEME: begin
N_STMT -> N_COMPOUND
N_COMPOUND -> T_BEGIN N_STMT N_STMTLST T_END
TOKEN: T_IDENT	    LEXEME: k
N_STMT -> N_ASSIGN
N_ASSIGN -> N_VARIABLE T_ASSIGN N_EXPR
N_VARIABLE -> T_IDENT N_IDXVAR
TOKEN: T_ASSIGN	    LEXEME: :=
N_IDXVAR -> epsilon
TOKEN: T_LPAREN	    LEXEME: (
N_EXPR -> N_SIMPLEEXPR N_OPEXPR
N_SIMPLEEXPR -> N_TERM N_ADDOPLST
N_TERM -> N_FACTOR N_MULTOPLST
N_FACTOR -> T_LPAREN N_EXPR T_RPAREN
TOKEN: T_IDENT	    LEXEME: i
N_EXPR -> N_SIMPLEEXPR N_OPEXPR
N_SIMPLEEXPR -> N_TERM N_ADDOPLST
N_TERM -> N_FACTOR N_MULTOPLST
N_FACTOR -> N_SIGN N_VARIABLE
N_SIGN -> epsilon
N_VARIABLE -> T_IDENT N_IDXVAR
TOKEN: T_PLUS	    LEXEME: +
N_IDXVAR -> epsilon
N_MULTOPLST -> epsilon
N_ADDOPLST -> N_ADDOP N_TERM N_ADDOPLST
N_ADDOP -> T_PLUS
TOKEN: T_IDENT	    LEXEME: j
N_TERM -> N_FACTOR N_MULTOPLST
N_FACTOR -> N_SIGN N_VARIABLE
N_SIGN -> epsilon
N_VARIABLE -> T_IDENT N_IDXVAR
TOKEN: T_RPAREN	    LEXEME: )
N_IDXVAR -> epsilon
N_MULTOPLST -> epsilon
N_ADDOPLST -> epsilon
N_OPEXPR -> epsilon
TOKEN: T_DIV	    LEXEME: div
N_MULTOPLST -> N_MULTOP N_FACTOR N_MULTOPLST
N_MULTOP -> T_DIV
TOKEN: T_INTCONST	    LEXEME: 2
N_FACTOR -> N_CONST
N_CONST -> T_INTCONST
TOKEN: T_SCOLON	    LEXEME: ;
N_MULTOPLST -> epsilon
N_ADDOPLST -> epsilon
N_OPEXPR -> epsilon
N_STMTLST -> T_SCOLON N_STMT N_STMTLST
TOKEN: T_IF	    LEXEME: if
N_STMT -> N_CONDITION
N_CONDITION -> T_IF N_EXPR T_THEN N_STMT N_ELSEPART
TOKEN: T_IDENT	    LEXEME: stuff
N_EXPR -> N_SIMPLEEXPR N_OPEXPR
N_SIMPLEEXPR -> N_TERM N_ADDOPLST
N_TERM -> N_FACTOR N_MULTOPLST
N_FACTOR -> N_SIGN N_VARIABLE
N_SIGN -> epsilon
N_VARIABLE -> T_IDENT N_IDXVAR
TOKEN: T_LBRACK	    LEXEME: [
N_IDXVAR -> T_LBRACK N_EXPR T_RBRACK
TOKEN: T_IDENT	    LEXEME: k
N_EXPR -> N_SIMPLEEXPR N_OPEXPR
N_SIMPLEEXPR -> N_TERM N_ADDOPLST
N_TERM -> N_FACTOR N_MULTOPLST
N_FACTOR -> N_SIGN N_VARIABLE
N_SIGN -> epsilon
N_VARIABLE -> T_IDENT N_IDXVAR
TOKEN: T_RBRACK	    LEXEME: ]
N_IDXVAR -> epsilon
N_MULTOPLST -> epsilon
N_ADDOPLST -> epsilon
N_OPEXPR -> epsilon
TOKEN: T_GT	    LEXEME: >
N_MULTOPLST -> epsilon
N_ADDOPLST -> epsilon
N_OPEXPR -> N_RELOP N_SIMPLEEXPR
N_RELOP -> T_GT
TOKEN: T_IDENT	    LEXEME: data
N_SIMPLEEXPR -> N_TERM N_ADDOPLST
N_TERM -> N_FACTOR N_MULTOPLST
N_FACTOR -> N_SIGN N_VARIABLE
N_SIGN -> epsilon
N_VARIABLE -> T_IDENT N_IDXVAR
TOKEN: T_THEN	    LEXEME: then
N_IDXVAR -> epsilon
N_MULTOPLST -> epsilon
N_ADDOPLST -> epsilon
TOKEN: T_IDENT	    LEXEME: j
N_STMT -> N_ASSIGN
N_ASSIGN -> N_VARIABLE T_ASSIGN N_EXPR
N_VARIABLE -> T_IDENT N_IDXVAR
TOKEN: T_ASSIGN	    LEXEME: :=
N_IDXVAR -> epsilon
TOKEN: T_IDENT	    LEXEME: k
N_EXPR -> N_SIMPLEEXPR N_OPEXPR
N_SIMPLEEXPR -> N_TERM N_ADDOPLST
N_TERM -> N_FACTOR N_MULTOPLST
N_FACTOR -> N_SIGN N_VARIABLE
N_SIGN -> epsilon
N_VARIABLE -> T_IDENT N_IDXVAR
TOKEN: T_MINUS	    LEXEME: -
N_IDXVAR -> epsilon
N_MULTOPLST -> epsilon
N_ADDOPLST -> N_ADDOP N_TERM N_ADDOPLST
N_ADDOP -> T_MINUS
TOKEN: T_INTCONST	    LEXEME: 1
N_TERM -> N_FACTOR N_MULTOPLST
N_FACTOR -> N_CONST
N_CONST -> T_INTCONST
TOKEN: T_ELSE	    LEXEME: else
N_MULTOPLST -> epsilon
N_ADDOPLST -> epsilon
N_OPEXPR -> epsilon
N_ELSEPART -> T_ELSE N_STMT
TOKEN: T_IF	    LEXEME: if
N_STMT -> N_CONDITION
N_CONDITION -> T_IF N_EXPR T_THEN N_STMT N_ELSEPART
TOKEN: T_IDENT	    LEXEME: stuff
N_EXPR -> N_SIMPLEEXPR N_OPEXPR
N_SIMPLEEXPR -> N_TERM N_ADDOPLST
N_TERM -> N_FACTOR N_MULTOPLST
N_FACTOR -> N_SIGN N_VARIABLE
N_SIGN -> epsilon
N_VARIABLE -> T_IDENT N_IDXVAR
TOKEN: T_LBRACK	    LEXEME: [
N_IDXVAR -> T_LBRACK N_EXPR T_RBRACK
TOKEN: T_IDENT	    LEXEME: k
N_EXPR -> N_SIMPLEEXPR N_OPEXPR
N_SIMPLEEXPR -> N_TERM N_ADDOPLST
N_TERM -> N_FACTOR N_MULTOPLST
N_FACTOR -> N_SIGN N_VARIABLE
N_SIGN -> epsilon
N_VARIABLE -> T_IDENT N_IDXVAR
TOKEN: T_RBRACK	    LEXEME: ]
N_IDXVAR -> epsilon
N_MULTOPLST -> epsilon
N_ADDOPLST -> epsilon
N_OPEXPR -> epsilon
TOKEN: T_LT	    LEXEME: <
N_MULTOPLST -> epsilon
N_ADDOPLST -> epsilon
N_OPEXPR -> N_RELOP N_SIMPLEEXPR
N_RELOP -> T_LT
TOKEN: T_IDENT	    LEXEME: data
N_SIMPLEEXPR -> N_TERM N_ADDOPLST
N_TERM -> N_FACTOR N_MULTOPLST
N_FACTOR -> N_SIGN N_VARIABLE
N_SIGN -> epsilon
N_VARIABLE -> T_IDENT N_IDXVAR
TOKEN: T_THEN	    LEXEME: then
N_IDXVAR -> epsilon
N_MULTOPLST -> epsilon
N_ADDOPLST -> epsilon
TOKEN: T_IDENT	    LEXEME: i
N_STMT -> N_ASSIGN
N_ASSIGN -> N_VARIABLE T_ASSIGN N_EXPR
N_VARIABLE -> T_IDENT N_IDXVAR
TOKEN: T_ASSIGN	    LEXEME: :=
N_IDXVAR -> epsilon
TOKEN: T_IDENT	    LEXEME: k
N_EXPR -> N_SIMPLEEXPR N_OPEXPR
N_SIMPLEEXPR -> N_TERM N_ADDOPLST
N_TERM -> N_FACTOR N_MULTOPLST
N_FACTOR -> N_SIGN N_VARIABLE
N_SIGN -> epsilon
N_VARIABLE -> T_IDENT N_IDXVAR
TOKEN: T_PLUS	    LEXEME: +
N_IDXVAR -> epsilon
N_MULTOPLST -> epsilon
N_ADDOPLST -> N_ADDOP N_TERM N_ADDOPLST
N_ADDOP -> T_PLUS
TOKEN: T_INTCONST	    LEXEME: 1
N_TERM -> N_FACTOR N_MULTOPLST
N_FACTOR -> N_CONST
N_CONST -> T_INTCONST
TOKEN: T_ELSE	    LEXEME: else
N_MULTOPLST -> epsilon
N_ADDOPLST -> epsilon
N_OPEXPR -> epsilon
N_ELSEPART -> T_ELSE N_STMT
TOKEN: T_IDENT	    LEXEME: found
N_STMT -> N_ASSIGN
N_ASSIGN -> N_VARIABLE T_ASSIGN N_EXPR
N_VARIABLE -> T_IDENT N_IDXVAR
TOKEN: T_ASSIGN	    LEXEME: :=
N_IDXVAR -> epsilon
TOKEN: T_TRUE	    LEXEME: true
N_EXPR -> N_SIMPLEEXPR N_OPEXPR
N_SIMPLEEXPR -> N_TERM N_ADDOPLST
N_TERM -> N_FACTOR N_MULTOPLST
N_FACTOR -> N_CONST
N_CONST -> N_BOOLCONST
N_BOOLCONST -> T_TRUE
TOKEN: T_END	    LEXEME: end
N_MULTOPLST -> epsilon
N_ADDOPLST -> epsilon
N_OPEXPR -> epsilon
N_STMTLST -> epsilon
TOKEN: T_SCOLON	    LEXEME: ;
N_STMTLST -> T_SCOLON N_STMT N_STMTLST
TOKEN: T_IF	    LEXEME: if
N_STMT -> N_CONDITION
N_CONDITION -> T_IF N_EXPR T_THEN N_STMT N_ELSEPART
TOKEN: T_IDENT	    LEXEME: found
N_EXPR -> N_SIMPLEEXPR N_OPEXPR
N_SIMPLEEXPR -> N_TERM N_ADDOPLST
N_TERM -> N_FACTOR N_MULTOPLST
N_FACTOR -> N_SIGN N_VARIABLE
N_SIGN -> epsilon
N_VARIABLE -> T_IDENT N_IDXVAR
TOKEN: T_THEN	    LEXEME: then
N_IDXVAR -> epsilon
N_MULTOPLST -> epsilon
N_ADDOPLST -> epsilon
N_OPEXPR -> epsilon
TOKEN: T_IDENT	    LEXEME: loc
N_STMT -> N_ASSIGN
N_ASSIGN -> N_VARIABLE T_ASSIGN N_EXPR
N_VARIABLE -> T_IDENT N_IDXVAR
TOKEN: T_ASSIGN	    LEXEME: :=
N_IDXVAR -> epsilon
TOKEN: T_IDENT	    LEXEME: k
N_EXPR -> N_SIMPLEEXPR N_OPEXPR
N_SIMPLEEXPR -> N_TERM N_ADDOPLST
N_TERM -> N_FACTOR N_MULTOPLST
N_FACTOR -> N_SIGN N_VARIABLE
N_SIGN -> epsilon
N_VARIABLE -> T_IDENT N_IDXVAR
TOKEN: T_ELSE	    LEXEME: else
N_IDXVAR -> epsilon
N_MULTOPLST -> epsilon
N_ADDOPLST -> epsilon
N_OPEXPR -> epsilon
N_ELSEPART -> T_ELSE N_STMT
TOKEN: T_IDENT	    LEXEME: loc
N_STMT -> N_ASSIGN
N_ASSIGN -> N_VARIABLE T_ASSIGN N_EXPR
N_VARIABLE -> T_IDENT N_IDXVAR
TOKEN: T_ASSIGN	    LEXEME: :=
N_IDXVAR -> epsilon
TOKEN: T_INTCONST	    LEXEME: 0
N_EXPR -> N_SIMPLEEXPR N_OPEXPR
N_SIMPLEEXPR -> N_TERM N_ADDOPLST
N_TERM -> N_FACTOR N_MULTOPLST
N_FACTOR -> N_CONST
N_CONST -> T_INTCONST
TOKEN: T_END	    LEXEME: end
N_MULTOPLST -> epsilon
N_ADDOPLST -> epsilon
N_OPEXPR -> epsilon
N_STMTLST -> epsilon
TOKEN: T_SCOLON	    LEXEME: ;
TOKEN: T_BEGIN	    LEXEME: begin
N_PROCDECPART -> epsilon
N_STMTPART -> N_COMPOUND
N_COMPOUND -> T_BEGIN N_STMT N_STMTLST T_END
TOKEN: T_IDENT	    LEXEME: max
N_STMT -> N_ASSIGN
N_ASSIGN -> N_VARIABLE T_ASSIGN N_EXPR
N_VARIABLE -> T_IDENT N_IDXVAR
TOKEN: T_ASSIGN	    LEXEME: :=
N_IDXVAR -> epsilon
TOKEN: T_INTCONST	    LEXEME: 0
N_EXPR -> N_SIMPLEEXPR N_OPEXPR
N_SIMPLEEXPR -> N_TERM N_ADDOPLST
N_TERM -> N_FACTOR N_MULTOPLST
N_FACTOR -> N_CONST
N_CONST -> T_INTCONST
TOKEN: T_SCOLON	    LEXEME: ;
N_MULTOPLST -> epsilon
N_ADDOPLST -> epsilon
N_OPEXPR -> epsilon
N_STMTLST -> T_SCOLON N_STMT N_STMTLST
TOKEN: T_READ	    LEXEME: read
N_STMT -> N_READ
N_READ -> T_READ T_LPAREN N_INPUTVAR N_INPUTLST T_RPAREN
TOKEN: T_LPAREN	    LEXEME: (
TOKEN: T_IDENT	    LEXEME: data
N_INPUTVAR -> N_VARIABLE
N_VARIABLE -> T_IDENT N_IDXVAR
TOKEN: T_RPAREN	    LEXEME: )
N_IDXVAR -> epsilon
N_INPUTLST -> epsilon
TOKEN: T_SCOLON	    LEXEME: ;
N_STMTLST -> T_SCOLON N_STMT N_STMTLST
TOKEN: T_WHILE	    LEXEME: while
N_STMT -> N_WHILE
N_WHILE -> T_WHILE N_EXPR T_DO N_STMT
TOKEN: T_IDENT	    LEXEME: data
N_EXPR -> N_SIMPLEEXPR N_OPEXPR
N_SIMPLEEXPR -> N_TERM N_ADDOPLST
N_TERM -> N_FACTOR N_MULTOPLST
N_FACTOR -> N_SIGN N_VARIABLE
N_SIGN -> epsilon
N_VARIABLE -> T_IDENT N_IDXVAR
TOKEN: T_GE	    LEXEME: >=
N_IDXVAR -> epsilon
N_MULTOPLST -> epsilon
N_ADDOPLST -> epsilon
N_OPEXPR -> N_RELOP N_SIMPLEEXPR
N_RELOP -> T_GE
TOKEN: T_INTCONST	    LEXEME: 0
N_SIMPLEEXPR -> N_TERM N_ADDOPLST
N_TERM -> N_FACTOR N_MULTOPLST
N_FACTOR -> N_CONST
N_CONST -> T_INTCONST
TOKEN: T_DO	    LEXEME: do
N_MULTOPLST -> epsilon
N_ADDOPLST -> epsilon
TOKEN: T_BEGIN	    LEXEME: begin
N_STMT -> N_COMPOUND
N_COMPOUND -> T_BEGIN N_STMT N_STMTLST T_END
TOKEN: T_IDENT	    LEXEME: max
N_STMT -> N_ASSIGN
N_ASSIGN -> N_VARIABLE T_ASSIGN N_EXPR
N_VARIABLE -> T_IDENT N_IDXVAR
TOKEN: T_ASSIGN	    LEXEME: :=
N_IDXVAR -> epsilon
TOKEN: T_IDENT	    LEXEME: max
N_EXPR -> N_SIMPLEEXPR N_OPEXPR
N_SIMPLEEXPR -> N_TERM N_ADDOPLST
N_TERM -> N_FACTOR N_MULTOPLST
N_FACTOR -> N_SIGN N_VARIABLE
N_SIGN -> epsilon
N_VARIABLE -> T_IDENT N_IDXVAR
TOKEN: T_PLUS	    LEXEME: +
N_IDXVAR -> epsilon
N_MULTOPLST -> epsilon
N_ADDOPLST -> N_ADDOP N_TERM N_ADDOPLST
N_ADDOP -> T_PLUS
TOKEN: T_INTCONST	    LEXEME: 1
N_TERM -> N_FACTOR N_MULTOPLST
N_FACTOR -> N_CONST
N_CONST -> T_INTCONST
TOKEN: T_SCOLON	    LEXEME: ;
N_MULTOPLST -> epsilon
N_ADDOPLST -> epsilon
N_OPEXPR -> epsilon
N_STMTLST -> T_SCOLON N_STMT N_STMTLST
TOKEN: T_IDENT	    LEXEME: stuff
N_STMT -> N_ASSIGN
N_ASSIGN -> N_VARIABLE T_ASSIGN N_EXPR
N_VARIABLE -> T_IDENT N_IDXVAR
TOKEN: T_LBRACK	    LEXEME: [
N_IDXVAR -> T_LBRACK N_EXPR T_RBRACK
TOKEN: T_IDENT	    LEXEME: max
N_EXPR -> N_SIMPLEEXPR N_OPEXPR
N_SIMPLEEXPR -> N_TERM N_ADDOPLST
N_TERM -> N_FACTOR N_MULTOPLST
N_FACTOR -> N_SIGN N_VARIABLE
N_SIGN -> epsilon
N_VARIABLE -> T_IDENT N_IDXVAR
TOKEN: T_RBRACK	    LEXEME: ]
N_IDXVAR -> epsilon
N_MULTOPLST -> epsilon
N_ADDOPLST -> epsilon
N_OPEXPR -> epsilon
TOKEN: T_ASSIGN	    LEXEME: :=
TOKEN: T_IDENT	    LEXEME: data
N_EXPR -> N_SIMPLEEXPR N_OPEXPR
N_SIMPLEEXPR -> N_TERM N_ADDOPLST
N_TERM -> N_FACTOR N_MULTOPLST
N_FACTOR -> N_SIGN N_VARIABLE
N_SIGN -> epsilon
N_VARIABLE -> T_IDENT N_IDXVAR
TOKEN: T_SCOLON	    LEXEME: ;
N_IDXVAR -> epsilon
N_MULTOPLST -> epsilon
N_ADDOPLST -> epsilon
N_OPEXPR -> epsilon
N_STMTLST -> T_SCOLON N_STMT N_STMTLST
TOKEN: T_READ	    LEXEME: read
N_STMT -> N_READ
N_READ -> T_READ T_LPAREN N_INPUTVAR N_INPUTLST T_RPAREN
TOKEN: T_LPAREN	    LEXEME: (
TOKEN: T_IDENT	    LEXEME: data
N_INPUTVAR -> N_VARIABLE
N_VARIABLE -> T_IDENT N_IDXVAR
TOKEN: T_RPAREN	    LEXEME: )
N_IDXVAR -> epsilon
N_INPUTLST -> epsilon
TOKEN: T_END	    LEXEME: end
N_STMTLST -> epsilon
TOKEN: T_SCOLON	    LEXEME: ;
N_STMTLST -> T_SCOLON N_STMT N_STMTLST
TOKEN: T_WRITE	    LEXEME: write
N_STMT -> N_WRITE
N_WRITE -> T_WRITE T_LPAREN N_OUTPUT N_OUTPUTLST T_RPAREN
TOKEN: T_LPAREN	    LEXEME: (
TOKEN: T_CHARCONST	    LEXEME: '('
N_OUTPUT -> N_EXPR
N_EXPR -> N_SIMPLEEXPR N_OPEXPR
N_SIMPLEEXPR -> N_TERM N_ADDOPLST
N_TERM -> N_FACTOR N_MULTOPLST
N_FACTOR -> N_CONST
N_CONST -> T_CHARCONST
TOKEN: T_COMMA	    LEXEME: ,
N_MULTOPLST -> epsilon
N_ADDOPLST -> epsilon
N_OPEXPR -> epsilon
N_OUTPUTLST -> T_COMMA N_OUTPUT N_OUTPUTLST
TOKEN: T_CHARCONST	    LEXEME: ' '
N_OUTPUT -> N_EXPR
N_EXPR -> N_SIMPLEEXPR N_OPEXPR
N_SIMPLEEXPR -> N_TERM N_ADDOPLST
N_TERM -> N_FACTOR N_MULTOPLST
N_FACTOR -> N_CONST
N_CONST -> T_CHARCONST
TOKEN: T_RPAREN	    LEXEME: )
N_MULTOPLST -> epsilon
N_ADDOPLST -> epsilon
N_OPEXPR -> epsilon
N_OUTPUTLST -> epsilon
TOKEN: T_SCOLON	    LEXEME: ;
N_STMTLST -> T_SCOLON N_STMT N_STMTLST
TOKEN: T_IDENT	    LEXEME: i
N_STMT -> N_ASSIGN
N_ASSIGN -> N_VARIABLE T_ASSIGN N_EXPR
N_VARIABLE -> T_IDENT N_IDXVAR
TOKEN: T_ASSIGN	    LEXEME: :=
N_IDXVAR -> epsilon
TOKEN: T_INTCONST	    LEXEME: 1
N_EXPR -> N_SIMPLEEXPR N_OPEXPR
N_SIMPLEEXPR -> N_TERM N_ADDOPLST
N_TERM -> N_FACTOR N_MULTOPLST
N_FACTOR -> N_CONST
N_CONST -> T_INTCONST
TOKEN: T_SCOLON	    LEXEME: ;
N_MULTOPLST -> epsilon
N_ADDOPLST -> epsilon
N_OPEXPR -> epsilon
N_STMTLST -> T_SCOLON N_STMT N_STMTLST
TOKEN: T_WHILE	    LEXEME: while
N_STMT -> N_WHILE
N_WHILE -> T_WHILE N_EXPR T_DO N_STMT
TOKEN: T_IDENT	    LEXEME: i
N_EXPR -> N_SIMPLEEXPR N_OPEXPR
N_SIMPLEEXPR -> N_TERM N_ADDOPLST
N_TERM -> N_FACTOR N_MULTOPLST
N_FACTOR -> N_SIGN N_VARIABLE
N_SIGN -> epsilon
N_VARIABLE -> T_IDENT N_IDXVAR
TOKEN: T_LE	    LEXEME: <=
N_IDXVAR -> epsilon
N_MULTOPLST -> epsilon
N_ADDOPLST -> epsilon
N_OPEXPR -> N_RELOP N_SIMPLEEXPR
N_RELOP -> T_LE
TOKEN: T_IDENT	    LEXEME: max
N_SIMPLEEXPR -> N_TERM N_ADDOPLST
N_TERM -> N_FACTOR N_MULTOPLST
N_FACTOR -> N_SIGN N_VARIABLE
N_SIGN -> epsilon
N_VARIABLE -> T_IDENT N_IDXVAR
TOKEN: T_DO	    LEXEME: do
N_IDXVAR -> epsilon
N_MULTOPLST -> epsilon
N_ADDOPLST -> epsilon
TOKEN: T_BEGIN	    LEXEME: begin
N_STMT -> N_COMPOUND
N_COMPOUND -> T_BEGIN N_STMT N_STMTLST T_END
TOKEN: T_WRITE	    LEXEME: write
N_STMT -> N_WRITE
N_WRITE -> T_WRITE T_LPAREN N_OUTPUT N_OUTPUTLST T_RPAREN
TOKEN: T_LPAREN	    LEXEME: (
TOKEN: T_IDENT	    LEXEME: stuff
N_OUTPUT -> N_EXPR
N_EXPR -> N_SIMPLEEXPR N_OPEXPR
N_SIMPLEEXPR -> N_TERM N_ADDOPLST
N_TERM -> N_FACTOR N_MULTOPLST
N_FACTOR -> N_SIGN N_VARIABLE
N_SIGN -> epsilon
N_VARIABLE -> T_IDENT N_IDXVAR
TOKEN: T_LBRACK	    LEXEME: [
N_IDXVAR -> T_LBRACK N_EXPR T_RBRACK
TOKEN: T_IDENT	    LEXEME: i
N_EXPR -> N_SIMPLEEXPR N_OPEXPR
N_SIMPLEEXPR -> N_TERM N_ADDOPLST
N_TERM -> N_FACTOR N_MULTOPLST
N_FACTOR -> N_SIGN N_VARIABLE
N_SIGN -> epsilon
N_VARIABLE -> T_IDENT N_IDXVAR
TOKEN: T_RBRACK	    LEXEME: ]
N_IDXVAR -> epsilon
N_MULTOPLST -> epsilon
N_ADDOPLST -> epsilon
N_OPEXPR -> epsilon
TOKEN: T_COMMA	    LEXEME: ,
N_MULTOPLST -> epsilon
N_ADDOPLST -> epsilon
N_OPEXPR -> epsilon
N_OUTPUTLST -> T_COMMA N_OUTPUT N_OUTPUTLST
TOKEN: T_CHARCONST	    LEXEME: ' '
N_OUTPUT -> N_EXPR
N_EXPR -> N_SIMPLEEXPR N_OPEXPR
N_SIMPLEEXPR -> N_TERM N_ADDOPLST
N_TERM -> N_FACTOR N_MULTOPLST
N_FACTOR -> N_CONST
N_CONST -> T_CHARCONST
TOKEN: T_RPAREN	    LEXEME: )
N_MULTOPLST -> epsilon
N_ADDOPLST -> epsilon
N_OPEXPR -> epsilon
N_OUTPUTLST -> epsilon
TOKEN: T_SCOLON	    LEXEME: ;
N_STMTLST -> T_SCOLON N_STMT N_STMTLST
TOKEN: T_IDENT	    LEXEME: i
N_STMT -> N_ASSIGN
N_ASSIGN -> N_VARIABLE T_ASSIGN N_EXPR
N_VARIABLE -> T_IDENT N_IDXVAR
TOKEN: T_ASSIGN	    LEXEME: :=
N_IDXVAR -> epsilon
TOKEN: T_IDENT	    LEXEME: i
N_EXPR -> N_SIMPLEEXPR N_OPEXPR
N_SIMPLEEXPR -> N_TERM N_ADDOPLST
N_TERM -> N_FACTOR N_MULTOPLST
N_FACTOR -> N_SIGN N_VARIABLE
N_SIGN -> epsilon
N_VARIABLE -> T_IDENT N_IDXVAR
TOKEN: T_PLUS	    LEXEME: +
N_IDXVAR -> epsilon
N_MULTOPLST -> epsilon
N_ADDOPLST -> N_ADDOP N_TERM N_ADDOPLST
N_ADDOP -> T_PLUS
TOKEN: T_INTCONST	    LEXEME: 1
N_TERM -> N_FACTOR N_MULTOPLST
N_FACTOR -> N_CONST
N_CONST -> T_INTCONST
TOKEN: T_END	    LEXEME: end
N_MULTOPLST -> epsilon
N_ADDOPLST -> epsilon
N_OPEXPR -> epsilon
N_STMTLST -> epsilon
TOKEN: T_SCOLON	    LEXEME: ;
N_STMTLST -> T_SCOLON N_STMT N_STMTLST
TOKEN: T_WRITE	    LEXEME: write
N_STMT -> N_WRITE
N_WRITE -> T_WRITE T_LPAREN N_OUTPUT N_OUTPUTLST T_RPAREN
TOKEN: T_LPAREN	    LEXEME: (
TOKEN: T_CHARCONST	    LEXEME: ')'
N_OUTPUT -> N_EXPR
N_EXPR -> N_SIMPLEEXPR N_OPEXPR
N_SIMPLEEXPR -> N_TERM N_ADDOPLST
N_TERM -> N_FACTOR N_MULTOPLST
N_FACTOR -> N_CONST
N_CONST -> T_CHARCONST
TOKEN: T_COMMA	    LEXEME: ,
N_MULTOPLST -> epsilon
N_ADDOPLST -> epsilon
N_OPEXPR -> epsilon
N_OUTPUTLST -> T_COMMA N_OUTPUT N_OUTPUTLST
TOKEN: T_CHARCONST	    LEXEME: '\'
N_OUTPUT -> N_EXPR
N_EXPR -> N_SIMPLEEXPR N_OPEXPR
N_SIMPLEEXPR -> N_TERM N_ADDOPLST
N_TERM -> N_FACTOR N_MULTOPLST
N_FACTOR -> N_CONST
N_CONST -> T_CHARCONST
TOKEN: T_RPAREN	    LEXEME: )
N_MULTOPLST -> epsilon
N_ADDOPLST -> epsilon
N_OPEXPR -> epsilon
N_OUTPUTLST -> epsilon
TOKEN: T_SCOLON	    LEXEME: ;
N_STMTLST -> T_SCOLON N_STMT N_STMTLST
TOKEN: T_READ	    LEXEME: read
N_STMT -> N_READ
N_READ -> T_READ T_LPAREN N_INPUTVAR N_INPUTLST T_RPAREN
TOKEN: T_LPAREN	    LEXEME: (
TOKEN: T_IDENT	    LEXEME: data
N_INPUTVAR -> N_VARIABLE
N_VARIABLE -> T_IDENT N_IDXVAR
TOKEN: T_RPAREN	    LEXEME: )
N_IDXVAR -> epsilon
N_INPUTLST -> epsilon
TOKEN: T_SCOLON	    LEXEME: ;
N_STMTLST -> T_SCOLON N_STMT N_STMTLST
TOKEN: T_WHILE	    LEXEME: while
N_STMT -> N_WHILE
N_WHILE -> T_WHILE N_EXPR T_DO N_STMT
TOKEN: T_IDENT	    LEXEME: data
N_EXPR -> N_SIMPLEEXPR N_OPEXPR
N_SIMPLEEXPR -> N_TERM N_ADDOPLST
N_TERM -> N_FACTOR N_MULTOPLST
N_FACTOR -> N_SIGN N_VARIABLE
N_SIGN -> epsilon
N_VARIABLE -> T_IDENT N_IDXVAR
TOKEN: T_GE	    LEXEME: >=
N_IDXVAR -> epsilon
N_MULTOPLST -> epsilon
N_ADDOPLST -> epsilon
N_OPEXPR -> N_RELOP N_SIMPLEEXPR
N_RELOP -> T_GE
TOKEN: T_INTCONST	    LEXEME: 0
N_SIMPLEEXPR -> N_TERM N_ADDOPLST
N_TERM -> N_FACTOR N_MULTOPLST
N_FACTOR -> N_CONST
N_CONST -> T_INTCONST
TOKEN: T_DO	    LEXEME: do
N_MULTOPLST -> epsilon
N_ADDOPLST -> epsilon
TOKEN: T_BEGIN	    LEXEME: begin
N_STMT -> N_COMPOUND
N_COMPOUND -> T_BEGIN N_STMT N_STMTLST T_END
TOKEN: T_IF	    LEXEME: if
N_STMT -> N_CONDITION
N_CONDITION -> T_IF N_EXPR T_THEN N_STMT N_ELSEPART
TOKEN: T_IDENT	    LEXEME: loc
N_EXPR -> N_SIMPLEEXPR N_OPEXPR
N_SIMPLEEXPR -> N_TERM N_ADDOPLST
N_TERM -> N_FACTOR N_MULTOPLST
N_FACTOR -> N_SIGN N_VARIABLE
N_SIGN -> epsilon
N_VARIABLE -> T_IDENT N_IDXVAR
TOKEN: T_EQ	    LEXEME: =
N_IDXVAR -> epsilon
N_MULTOPLST -> epsilon
N_ADDOPLST -> epsilon
N_OPEXPR -> N_RELOP N_SIMPLEEXPR
N_RELOP -> T_EQ
TOKEN: T_INTCONST	    LEXEME: 0
N_SIMPLEEXPR -> N_TERM N_ADDOPLST
N_TERM -> N_FACTOR N_MULTOPLST
N_FACTOR -> N_CONST
N_CONST -> T_INTCONST
TOKEN: T_THEN	    LEXEME: then
N_MULTOPLST -> epsilon
N_ADDOPLST -> epsilon
TOKEN: T_WRITE	    LEXEME: write
N_STMT -> N_WRITE
N_WRITE -> T_WRITE T_LPAREN N_OUTPUT N_OUTPUTLST T_RPAREN
TOKEN: T_LPAREN	    LEXEME: (
TOKEN: T_CHARCONST	    LEXEME: 'N'
N_OUTPUT -> N_EXPR
N_EXPR -> N_SIMPLEEXPR N_OPEXPR
N_SIMPLEEXPR -> N_TERM N_ADDOPLST
N_TERM -> N_FACTOR N_MULTOPLST
N_FACTOR -> N_CONST
N_CONST -> T_CHARCONST
TOKEN: T_COMMA	    LEXEME: ,
N_MULTOPLST -> epsilon
N_ADDOPLST -> epsilon
N_OPEXPR -> epsilon
N_OUTPUTLST -> T_COMMA N_OUTPUT N_OUTPUTLST
TOKEN: T_CHARCONST	    LEXEME: 'o'
N_OUTPUT -> N_EXPR
N_EXPR -> N_SIMPLEEXPR N_OPEXPR
N_SIMPLEEXPR -> N_TERM N_ADDOPLST
N_TERM -> N_FACTOR N_MULTOPLST
N_FACTOR -> N_CONST
N_CONST -> T_CHARCONST
TOKEN: T_COMMA	    LEXEME: ,
N_MULTOPLST -> epsilon
N_ADDOPLST -> epsilon
N_OPEXPR -> epsilon
N_OUTPUTLST -> T_COMMA N_OUTPUT N_OUTPUTLST
TOKEN: T_CHARCONST	    LEXEME: ' '
N_OUTPUT -> N_EXPR
N_EXPR -> N_SIMPLEEXPR N_OPEXPR
N_SIMPLEEXPR -> N_TERM N_ADDOPLST
N_TERM -> N_FACTOR N_MULTOPLST
N_FACTOR -> N_CONST
N_CONST -> T_CHARCONST
TOKEN: T_COMMA	    LEXEME: ,
N_MULTOPLST -> epsilon
N_ADDOPLST -> epsilon
N_OPEXPR -> epsilon
N_OUTPUTLST -> T_COMMA N_OUTPUT N_OUTPUTLST
TOKEN: T_CHARCONST	    LEXEME: 'm'
N_OUTPUT -> N_EXPR
N_EXPR -> N_SIMPLEEXPR N_OPEXPR
N_SIMPLEEXPR -> N_TERM N_ADDOPLST
N_TERM -> N_FACTOR N_MULTOPLST
N_FACTOR -> N_CONST
N_CONST -> T_CHARCONST
TOKEN: T_COMMA	    LEXEME: ,
N_MULTOPLST -> epsilon
N_ADDOPLST -> epsilon
N_OPEXPR -> epsilon
N_OUTPUTLST -> T_COMMA N_OUTPUT N_OUTPUTLST
TOKEN: T_CHARCONST	    LEXEME: 'a'
N_OUTPUT -> N_EXPR
N_EXPR -> N_SIMPLEEXPR N_OPEXPR
N_SIMPLEEXPR -> N_TERM N_ADDOPLST
N_TERM -> N_FACTOR N_MULTOPLST
N_FACTOR -> N_CONST
N_CONST -> T_CHARCONST
TOKEN: T_COMMA	    LEXEME: ,
N_MULTOPLST -> epsilon
N_ADDOPLST -> epsilon
N_OPEXPR -> epsilon
N_OUTPUTLST -> T_COMMA N_OUTPUT N_OUTPUTLST
TOKEN: T_CHARCONST	    LEXEME: 't'
N_OUTPUT -> N_EXPR
N_EXPR -> N_SIMPLEEXPR N_OPEXPR
N_SIMPLEEXPR -> N_TERM N_ADDOPLST
N_TERM -> N_FACTOR N_MULTOPLST
N_FACTOR -> N_CONST
N_CONST -> T_CHARCONST
TOKEN: T_COMMA	    LEXEME: ,
N_MULTOPLST -> epsilon
N_ADDOPLST -> epsilon
N_OPEXPR -> epsilon
N_OUTPUTLST -> T_COMMA N_OUTPUT N_OUTPUTLST
TOKEN: T_CHARCONST	    LEXEME: 'c'
N_OUTPUT -> N_EXPR
N_EXPR -> N_SIMPLEEXPR N_OPEXPR
N_SIMPLEEXPR -> N_TERM N_ADDOPLST
N_TERM -> N_FACTOR N_MULTOPLST
N_FACTOR -> N_CONST
N_CONST -> T_CHARCONST
TOKEN: T_COMMA	    LEXEME: ,
N_MULTOPLST -> epsilon
N_ADDOPLST -> epsilon
N_OPEXPR -> epsilon
N_OUTPUTLST -> T_COMMA N_OUTPUT N_OUTPUTLST
TOKEN: T_CHARCONST	    LEXEME: 'h'
N_OUTPUT -> N_EXPR
N_EXPR -> N_SIMPLEEXPR N_OPEXPR
N_SIMPLEEXPR -> N_TERM N_ADDOPLST
N_TERM -> N_FACTOR N_MULTOPLST
N_FACTOR -> N_CONST
N_CONST -> T_CHARCONST
TOKEN: T_COMMA	    LEXEME: ,
N_MULTOPLST -> epsilon
N_ADDOPLST -> epsilon
N_OPEXPR -> epsilon
N_OUTPUTLST -> T_COMMA N_OUTPUT N_OUTPUTLST
TOKEN: T_CHARCONST	    LEXEME: ' '
N_OUTPUT -> N_EXPR
N_EXPR -> N_SIMPLEEXPR N_OPEXPR
N_SIMPLEEXPR -> N_TERM N_ADDOPLST
N_TERM -> N_FACTOR N_MULTOPLST
N_FACTOR -> N_CONST
N_CONST -> T_CHARCONST
TOKEN: T_COMMA	    LEXEME: ,
N_MULTOPLST -> epsilon
N_ADDOPLST -> epsilon
N_OPEXPR -> epsilon
N_OUTPUTLST -> T_COMMA N_OUTPUT N_OUTPUTLST
TOKEN: T_CHARCONST	    LEXEME: 'f'
N_OUTPUT -> N_EXPR
N_EXPR -> N_SIMPLEEXPR N_OPEXPR
N_SIMPLEEXPR -> N_TERM N_ADDOPLST
N_TERM -> N_FACTOR N_MULTOPLST
N_FACTOR -> N_CONST
N_CONST -> T_CHARCONST
TOKEN: T_COMMA	    LEXEME: ,
N_MULTOPLST -> epsilon
N_ADDOPLST -> epsilon
N_OPEXPR -> epsilon
N_OUTPUTLST -> T_COMMA N_OUTPUT N_OUTPUTLST
TOKEN: T_CHARCONST	    LEXEME: 'o'
N_OUTPUT -> N_EXPR
N_EXPR -> N_SIMPLEEXPR N_OPEXPR
N_SIMPLEEXPR -> N_TERM N_ADDOPLST
N_TERM -> N_FACTOR N_MULTOPLST
N_FACTOR -> N_CONST
N_CONST -> T_CHARCONST
TOKEN: T_COMMA	    LEXEME: ,
N_MULTOPLST -> epsilon
N_ADDOPLST -> epsilon
N_OPEXPR -> epsilon
N_OUTPUTLST -> T_COMMA N_OUTPUT N_OUTPUTLST
TOKEN: T_CHARCONST	    LEXEME: 'r'
N_OUTPUT -> N_EXPR
N_EXPR -> N_SIMPLEEXPR N_OPEXPR
N_SIMPLEEXPR -> N_TERM N_ADDOPLST
N_TERM -> N_FACTOR N_MULTOPLST
N_FACTOR -> N_CONST
N_CONST -> T_CHARCONST
TOKEN: T_COMMA	    LEXEME: ,
N_MULTOPLST -> epsilon
N_ADDOPLST -> epsilon
N_OPEXPR -> epsilon
N_OUTPUTLST -> T_COMMA N_OUTPUT N_OUTPUTLST
TOKEN: T_CHARCONST	    LEXEME: ' '
N_OUTPUT -> N_EXPR
N_EXPR -> N_SIMPLEEXPR N_OPEXPR
N_SIMPLEEXPR -> N_TERM N_ADDOPLST
N_TERM -> N_FACTOR N_MULTOPLST
N_FACTOR -> N_CONST
N_CONST -> T_CHARCONST
TOKEN: T_COMMA	    LEXEME: ,
N_MULTOPLST -> epsilon
N_ADDOPLST -> epsilon
N_OPEXPR -> epsilon
N_OUTPUTLST -> T_COMMA N_OUTPUT N_OUTPUTLST
TOKEN: T_IDENT	    LEXEME: data
N_OUTPUT -> N_EXPR
N_EXPR -> N_SIMPLEEXPR N_OPEXPR
N_SIMPLEEXPR -> N_TERM N_ADDOPLST
N_TERM -> N_FACTOR N_MULTOPLST
N_FACTOR -> N_SIGN N_VARIABLE
N_SIGN -> epsilon
N_VARIABLE -> T_IDENT N_IDXVAR
TOKEN: T_COMMA	    LEXEME: ,
N_IDXVAR -> epsilon
N_MULTOPLST -> epsilon
N_ADDOPLST -> epsilon
N_OPEXPR -> epsilon
N_OUTPUTLST -> T_COMMA N_OUTPUT N_OUTPUTLST
TOKEN: T_CHARCONST	    LEXEME: '\'
N_OUTPUT -> N_EXPR
N_EXPR -> N_SIMPLEEXPR N_OPEXPR
N_SIMPLEEXPR -> N_TERM N_ADDOPLST
N_TERM -> N_FACTOR N_MULTOPLST
N_FACTOR -> N_CONST
N_CONST -> T_CHARCONST
TOKEN: T_RPAREN	    LEXEME: )
N_MULTOPLST -> epsilon
N_ADDOPLST -> epsilon
N_OPEXPR -> epsilon
N_OUTPUTLST -> epsilon
TOKEN: T_ELSE	    LEXEME: else
N_ELSEPART -> T_ELSE N_STMT
TOKEN: T_WRITE	    LEXEME: write
N_STMT -> N_WRITE
N_WRITE -> T_WRITE T_LPAREN N_OUTPUT N_OUTPUTLST T_RPAREN
TOKEN: T_LPAREN	    LEXEME: (
TOKEN: T_CHARCONST	    LEXEME: 'S'
N_OUTPUT -> N_EXPR
N_EXPR -> N_SIMPLEEXPR N_OPEXPR
N_SIMPLEEXPR -> N_TERM N_ADDOPLST
N_TERM -> N_FACTOR N_MULTOPLST
N_FACTOR -> N_CONST
N_CONST -> T_CHARCONST
TOKEN: T_COMMA	    LEXEME: ,
N_MULTOPLST -> epsilon
N_ADDOPLST -> epsilon
N_OPEXPR -> epsilon
N_OUTPUTLST -> T_COMMA N_OUTPUT N_OUTPUTLST
TOKEN: T_CHARCONST	    LEXEME: 't'
N_OUTPUT -> N_EXPR
N_EXPR -> N_SIMPLEEXPR N_OPEXPR
N_SIMPLEEXPR -> N_TERM N_ADDOPLST
N_TERM -> N_FACTOR N_MULTOPLST
N_FACTOR -> N_CONST
N_CONST -> T_CHARCONST
TOKEN: T_COMMA	    LEXEME: ,
N_MULTOPLST -> epsilon
N_ADDOPLST -> epsilon
N_OPEXPR -> epsilon
N_OUTPUTLST -> T_COMMA N_OUTPUT N_OUTPUTLST
TOKEN: T_CHARCONST	    LEXEME: 'u'
N_OUTPUT -> N_EXPR
N_EXPR -> N_SIMPLEEXPR N_OPEXPR
N_SIMPLEEXPR -> N_TERM N_ADDOPLST
N_TERM -> N_FACTOR N_MULTOPLST
N_FACTOR -> N_CONST
N_CONST -> T_CHARCONST
TOKEN: T_COMMA	    LEXEME: ,
N_MULTOPLST -> epsilon
N_ADDOPLST -> epsilon
N_OPEXPR -> epsilon
N_OUTPUTLST -> T_COMMA N_OUTPUT N_OUTPUTLST
TOKEN: T_CHARCONST	    LEXEME: 'f'
N_OUTPUT -> N_EXPR
N_EXPR -> N_SIMPLEEXPR N_OPEXPR
N_SIMPLEEXPR -> N_TERM N_ADDOPLST
N_TERM -> N_FACTOR N_MULTOPLST
N_FACTOR -> N_CONST
N_CONST -> T_CHARCONST
TOKEN: T_COMMA	    LEXEME: ,
N_MULTOPLST -> epsilon
N_ADDOPLST -> epsilon
N_OPEXPR -> epsilon
N_OUTPUTLST -> T_COMMA N_OUTPUT N_OUTPUTLST
TOKEN: T_CHARCONST	    LEXEME: 'f'
N_OUTPUT -> N_EXPR
N_EXPR -> N_SIMPLEEXPR N_OPEXPR
N_SIMPLEEXPR -> N_TERM N_ADDOPLST
N_TERM -> N_FACTOR N_MULTOPLST
N_FACTOR -> N_CONST
N_CONST -> T_CHARCONST
TOKEN: T_COMMA	    LEXEME: ,
N_MULTOPLST -> epsilon
N_ADDOPLST -> epsilon
N_OPEXPR -> epsilon
N_OUTPUTLST -> T_COMMA N_OUTPUT N_OUTPUTLST
TOKEN: T_CHARCONST	    LEXEME: '['
N_OUTPUT -> N_EXPR
N_EXPR -> N_SIMPLEEXPR N_OPEXPR
N_SIMPLEEXPR -> N_TERM N_ADDOPLST
N_TERM -> N_FACTOR N_MULTOPLST
N_FACTOR -> N_CONST
N_CONST -> T_CHARCONST
TOKEN: T_COMMA	    LEXEME: ,
N_MULTOPLST -> epsilon
N_ADDOPLST -> epsilon
N_OPEXPR -> epsilon
N_OUTPUTLST -> T_COMMA N_OUTPUT N_OUTPUTLST
TOKEN: T_IDENT	    LEXEME: loc
N_OUTPUT -> N_EXPR
N_EXPR -> N_SIMPLEEXPR N_OPEXPR
N_SIMPLEEXPR -> N_TERM N_ADDOPLST
N_TERM -> N_FACTOR N_MULTOPLST
N_FACTOR -> N_SIGN N_VARIABLE
N_SIGN -> epsilon
N_VARIABLE -> T_IDENT N_IDXVAR
TOKEN: T_COMMA	    LEXEME: ,
N_IDXVAR -> epsilon
N_MULTOPLST -> epsilon
N_ADDOPLST -> epsilon
N_OPEXPR -> epsilon
N_OUTPUTLST -> T_COMMA N_OUTPUT N_OUTPUTLST
TOKEN: T_CHARCONST	    LEXEME: ']'
N_OUTPUT -> N_EXPR
N_EXPR -> N_SIMPLEEXPR N_OPEXPR
N_SIMPLEEXPR -> N_TERM N_ADDOPLST
N_TERM -> N_FACTOR N_MULTOPLST
N_FACTOR -> N_CONST
N_CONST -> T_CHARCONST
TOKEN: T_COMMA	    LEXEME: ,
N_MULTOPLST -> epsilon
N_ADDOPLST -> epsilon
N_OPEXPR -> epsilon
N_OUTPUTLST -> T_COMMA N_OUTPUT N_OUTPUTLST
TOKEN: T_CHARCONST	    LEXEME: ' '
N_OUTPUT -> N_EXPR
N_EXPR -> N_SIMPLEEXPR N_OPEXPR
N_SIMPLEEXPR -> N_TERM N_ADDOPLST
N_TERM -> N_FACTOR N_MULTOPLST
N_FACTOR -> N_CONST
N_CONST -> T_CHARCONST
TOKEN: T_COMMA	    LEXEME: ,
N_MULTOPLST -> epsilon
N_ADDOPLST -> epsilon
N_OPEXPR -> epsilon
N_OUTPUTLST -> T_COMMA N_OUTPUT N_OUTPUTLST
TOKEN: T_CHARCONST	    LEXEME: '='
N_OUTPUT -> N_EXPR
N_EXPR -> N_SIMPLEEXPR N_OPEXPR
N_SIMPLEEXPR -> N_TERM N_ADDOPLST
N_TERM -> N_FACTOR N_MULTOPLST
N_FACTOR -> N_CONST
N_CONST -> T_CHARCONST
TOKEN: T_COMMA	    LEXEME: ,
N_MULTOPLST -> epsilon
N_ADDOPLST -> epsilon
N_OPEXPR -> epsilon
N_OUTPUTLST -> T_COMMA N_OUTPUT N_OUTPUTLST
TOKEN: T_CHARCONST	    LEXEME: ' '
N_OUTPUT -> N_EXPR
N_EXPR -> N_SIMPLEEXPR N_OPEXPR
N_SIMPLEEXPR -> N_TERM N_ADDOPLST
N_TERM -> N_FACTOR N_MULTOPLST
N_FACTOR -> N_CONST
N_CONST -> T_CHARCONST
TOKEN: T_COMMA	    LEXEME: ,
N_MULTOPLST -> epsilon
N_ADDOPLST -> epsilon
N_OPEXPR -> epsilon
N_OUTPUTLST -> T_COMMA N_OUTPUT N_OUTPUTLST
TOKEN: T_IDENT	    LEXEME: data
N_OUTPUT -> N_EXPR
N_EXPR -> N_SIMPLEEXPR N_OPEXPR
N_SIMPLEEXPR -> N_TERM N_ADDOPLST
N_TERM -> N_FACTOR N_MULTOPLST
N_FACTOR -> N_SIGN N_VARIABLE
N_SIGN -> epsilon
N_VARIABLE -> T_IDENT N_IDXVAR
TOKEN: T_COMMA	    LEXEME: ,
N_IDXVAR -> epsilon
N_MULTOPLST -> epsilon
N_ADDOPLST -> epsilon
N_OPEXPR -> epsilon
N_OUTPUTLST -> T_COMMA N_OUTPUT N_OUTPUTLST
TOKEN: T_CHARCONST	    LEXEME: '\'
N_OUTPUT -> N_EXPR
N_EXPR -> N_SIMPLEEXPR N_OPEXPR
N_SIMPLEEXPR -> N_TERM N_ADDOPLST
N_TERM -> N_FACTOR N_MULTOPLST
N_FACTOR -> N_CONST
N_CONST -> T_CHARCONST
TOKEN: T_RPAREN	    LEXEME: )
N_MULTOPLST -> epsilon
N_ADDOPLST -> epsilon
N_OPEXPR -> epsilon
N_OUTPUTLST -> epsilon
TOKEN: T_SCOLON	    LEXEME: ;
N_STMTLST -> T_SCOLON N_STMT N_STMTLST
TOKEN: T_READ	    LEXEME: read
N_STMT -> N_READ
N_READ -> T_READ T_LPAREN N_INPUTVAR N_INPUTLST T_RPAREN
TOKEN: T_LPAREN	    LEXEME: (
TOKEN: T_IDENT	    LEXEME: data
N_INPUTVAR -> N_VARIABLE
N_VARIABLE -> T_IDENT N_IDXVAR
TOKEN: T_RPAREN	    LEXEME: )
N_IDXVAR -> epsilon
N_INPUTLST -> epsilon
TOKEN: T_END	    LEXEME: end
N_STMTLST -> epsilon
TOKEN: T_SCOLON	    LEXEME: ;
N_STMTLST -> T_SCOLON N_STMT N_STMTLST
TOKEN: T_WRITE	    LEXEME: write
N_STMT -> N_WRITE
N_WRITE -> T_WRITE T_LPAREN N_OUTPUT N_OUTPUTLST T_RPAREN
TOKEN: T_LPAREN	    LEXEME: (
TOKEN: T_CHARCONST	    LEXEME: 'e'
N_OUTPUT -> N_EXPR
N_EXPR -> N_SIMPLEEXPR N_OPEXPR
N_SIMPLEEXPR -> N_TERM N_ADDOPLST
N_TERM -> N_FACTOR N_MULTOPLST
N_FACTOR -> N_CONST
N_CONST -> T_CHARCONST
TOKEN: T_COMMA	    LEXEME: ,
N_MULTOPLST -> epsilon
N_ADDOPLST -> epsilon
N_OPEXPR -> epsilon
N_OUTPUTLST -> T_COMMA N_OUTPUT N_OUTPUTLST
TOKEN: T_CHARCONST	    LEXEME: 'n'
N_OUTPUT -> N_EXPR
N_EXPR -> N_SIMPLEEXPR N_OPEXPR
N_SIMPLEEXPR -> N_TERM N_ADDOPLST
N_TERM -> N_FACTOR N_MULTOPLST
N_FACTOR -> N_CONST
N_CONST -> T_CHARCONST
TOKEN: T_COMMA	    LEXEME: ,
N_MULTOPLST -> epsilon
N_ADDOPLST -> epsilon
N_OPEXPR -> epsilon
N_OUTPUTLST -> T_COMMA N_OUTPUT N_OUTPUTLST
TOKEN: T_CHARCONST	    LEXEME: 'd'
N_OUTPUT -> N_EXPR
N_EXPR -> N_SIMPLEEXPR N_OPEXPR
N_SIMPLEEXPR -> N_TERM N_ADDOPLST
N_TERM -> N_FACTOR N_MULTOPLST
N_FACTOR -> N_CONST
N_CONST -> T_CHARCONST
TOKEN: T_COMMA	    LEXEME: ,
N_MULTOPLST -> epsilon
N_ADDOPLST -> epsilon
N_OPEXPR -> epsilon
N_OUTPUTLST -> T_COMMA N_OUTPUT N_OUTPUTLST
TOKEN: T_CHARCONST	    LEXEME: '\'
N_OUTPUT -> N_EXPR
N_EXPR -> N_SIMPLEEXPR N_OPEXPR
N_SIMPLEEXPR -> N_TERM N_ADDOPLST
N_TERM -> N_FACTOR N_MULTOPLST
N_FACTOR -> N_CONST
N_CONST -> T_CHARCONST
TOKEN: T_RPAREN	    LEXEME: )
N_MULTOPLST -> epsilon
N_ADDOPLST -> epsilon
N_OPEXPR -> epsilon
N_OUTPUTLST -> epsilon
TOKEN: T_END	    LEXEME: end
N_STMTLST -> epsilon
TOKEN: T_DOT	    LEXEME: .
---- Completed parsing ----
